(node:820) Warning: Accessing non-existent property 'param' of module exports inside circular dependency
(Use `node --trace-warnings ...` to show where the warning was created)
node:events:368
      throw er; // Unhandled 'error' event
      ^

Error: listen EADDRINUSE: address already in use 172.26.110.127:3999
    at Server.setupListenHandle [as _listen2] (node:net:1334:16)
    at listenInCluster (node:net:1382:12)
    at doListen (node:net:1520:7)
    at processTicksAndRejections (node:internal/process/task_queues:84:21)
Emitted 'error' event on Server instance at:
    at emitErrorNT (node:net:1361:8)
    at processTicksAndRejections (node:internal/process/task_queues:83:21) {
  code: 'EADDRINUSE',
  errno: -4091,
  syscall: 'listen',
  address: '172.26.110.127',
  port: 3999
}
(node:7844) Warning: Accessing non-existent property 'param' of module exports inside circular dependency
(Use `node --trace-warnings ...` to show where the warning was created)
node:events:368
      throw er; // Unhandled 'error' event
      ^

Error: listen EADDRINUSE: address already in use 172.26.110.127:3999
    at Server.setupListenHandle [as _listen2] (node:net:1334:16)
    at listenInCluster (node:net:1382:12)
    at doListen (node:net:1520:7)
    at processTicksAndRejections (node:internal/process/task_queues:84:21)
Emitted 'error' event on Server instance at:
    at emitErrorNT (node:net:1361:8)
    at processTicksAndRejections (node:internal/process/task_queues:83:21) {
  code: 'EADDRINUSE',
  errno: -4091,
  syscall: 'listen',
  address: '172.26.110.127',
  port: 3999
}
(node:8184) Warning: Accessing non-existent property 'param' of module exports inside circular dependency
(Use `node --trace-warnings ...` to show where the warning was created)
node:events:368
      throw er; // Unhandled 'error' event
      ^

Error: listen EADDRINUSE: address already in use 172.26.110.127:3999
    at Server.setupListenHandle [as _listen2] (node:net:1334:16)
    at listenInCluster (node:net:1382:12)
    at doListen (node:net:1520:7)
    at processTicksAndRejections (node:internal/process/task_queues:84:21)
Emitted 'error' event on Server instance at:
    at emitErrorNT (node:net:1361:8)
    at processTicksAndRejections (node:internal/process/task_queues:83:21) {
  code: 'EADDRINUSE',
  errno: -4091,
  syscall: 'listen',
  address: '172.26.110.127',
  port: 3999
}
(node:208) Warning: Accessing non-existent property 'param' of module exports inside circular dependency
(Use `node --trace-warnings ...` to show where the warning was created)
node:events:368
      throw er; // Unhandled 'error' event
      ^

Error: listen EADDRINUSE: address already in use 172.26.110.127:3999
    at Server.setupListenHandle [as _listen2] (node:net:1334:16)
    at listenInCluster (node:net:1382:12)
    at doListen (node:net:1520:7)
    at processTicksAndRejections (node:internal/process/task_queues:84:21)
Emitted 'error' event on Server instance at:
    at emitErrorNT (node:net:1361:8)
    at processTicksAndRejections (node:internal/process/task_queues:83:21) {
  code: 'EADDRINUSE',
  errno: -4091,
  syscall: 'listen',
  address: '172.26.110.127',
  port: 3999
}
